<?xml version="1.0" encoding="UTF-8"?>
<!-- Generated by org.testng.reporters.JUnitReportReporter -->
<testsuite hostname="LAPTOP-DI0Q8O11" failures="0" tests="1" name="Practice.TakesScreenShotProgram" time="20.067" errors="0" timestamp="2023-01-07T23:59:36 IST" skipped="0">
  <testcase classname="Practice.TakesScreenShotProgram" name="takesScreenShot" time="20.067"/>
  <system-out/>
</testsuite> <!-- Practice.TakesScreenShotProgram -->
