<?xml version="1.0" encoding="UTF-8"?>
<!-- Generated by org.testng.reporters.JUnitReportReporter -->
<testsuite hostname="LAPTOP-DI0Q8O11" failures="0" tests="1" name="Practice.FetchUrlFromPropertyFile" time="4.368" errors="0" timestamp="2023-01-09T00:09:33 IST" skipped="0">
  <testcase classname="Practice.FetchUrlFromPropertyFile" name="fetchDataFromPropertyFile" time="4.368"/>
  <system-out/>
</testsuite> <!-- Practice.FetchUrlFromPropertyFile -->
